#
# There is insufficient memory for the Java Runtime Environment to continue.
# Native memory allocation (malloc) failed to allocate 32784 bytes for Chunk::new
# Possible reasons:
#   The system is out of physical RAM or swap space
#   In 32 bit mode, the process size limit was hit
# Possible solutions:
#   Reduce memory load on the system
#   Increase physical memory or swap space
#   Check if swap backing store is full
#   Use 64 bit Java on a 64 bit OS
#   Decrease Java heap size (-Xmx/-Xms)
#   Decrease number of Java threads
#   Decrease Java thread stack sizes (-Xss)
#   Set larger code cache with -XX:ReservedCodeCacheSize=
# This output file may be truncated or incomplete.
#
#  Out of Memory Error (allocation.cpp:390), pid=4272, tid=0x0000000000001770
#
# JRE version: Java(TM) SE Runtime Environment (8.0_151-b12) (build 1.8.0_151-b12)
# Java VM: Java HotSpot(TM) 64-Bit Server VM (25.151-b12 mixed mode windows-amd64 compressed oops)
# Failed to write core dump. Minidumps are not enabled by default on client versions of Windows
#

---------------  T H R E A D  ---------------

Current thread (0x00000000539c8800):  JavaThread "C2 CompilerThread0" daemon [_thread_in_native, id=6000, stack(0x0000000054bb0000,0x0000000054cb0000)]

Stack: [0x0000000054bb0000,0x0000000054cb0000]
[error occurred during error reporting (printing stack bounds), id 0xc0000005]

Native frames: (J=compiled Java code, j=interpreted, Vv=VM code, C=native code)


Current CompileTask:
C2:  20990 1863       4       oracle.jdbc.driver.SQLStateMapping$Tokenizer::next (334 bytes)


---------------  P R O C E S S  ---------------

Java Threads: ( => current thread )
  0x0000000055253800 JavaThread "Abandoned connection cleanup thread" daemon [_thread_blocked, id=2564, stack(0x0000000054cb0000,0x0000000054db0000)]
  0x0000000053a2f800 JavaThread "Service Thread" daemon [_thread_blocked, id=4040, stack(0x00000000552b0000,0x00000000553b0000)]
  0x00000000539d2000 JavaThread "C1 CompilerThread1" daemon [_thread_blocked, id=3112, stack(0x0000000054db0000,0x0000000054eb0000)]
=>0x00000000539c8800 JavaThread "C2 CompilerThread0" daemon [_thread_in_native, id=6000, stack(0x0000000054bb0000,0x0000000054cb0000)]
  0x00000000539c6800 JavaThread "Attach Listener" daemon [_thread_blocked, id=5912, stack(0x0000000054a60000,0x0000000054b60000)]
  0x00000000539c5800 JavaThread "Signal Dispatcher" daemon [_thread_blocked, id=5900, stack(0x0000000054580000,0x0000000054680000)]
  0x00000000539ae000 JavaThread "Finalizer" daemon [_thread_blocked, id=5340, stack(0x00000000547f0000,0x00000000548f0000)]
  0x0000000053967000 JavaThread "Reference Handler" daemon [_thread_blocked, id=4220, stack(0x00000000546e0000,0x00000000547e0000)]
  0x000000000229e000 JavaThread "main" [_thread_in_native, id=5944, stack(0x00000000022c0000,0x00000000023c0000)]

Other Threads:
  0x000000005395d000 VMThread [stack: 0x0000000054480000,0x0000000054580000] [id=4352]
  0x0000000054ec6800 WatcherThread [stack: 0x0000000055490000,0x0000000055590000] [id=6012]

VM state:not at safepoint (normal execution)

VM Mutex/Monitor currently owned by a thread: None

Heap:
 PSYoungGen      total 38400K, used 21359K [0x00000000f5600000, 0x00000000f8100000, 0x0000000100000000)
  eden space 34304K, 53% used [0x00000000f5600000,0x00000000f6806f40,0x00000000f7780000)
  from space 4096K, 70% used [0x00000000f7c00000,0x00000000f7ed50a8,0x00000000f8000000)
  to   space 4608K, 0% used [0x00000000f7780000,0x00000000f7780000,0x00000000f7c00000)
 ParOldGen       total 22016K, used 4207K [0x00000000e0200000, 0x00000000e1780000, 0x00000000f5600000)
  object space 22016K, 19% used [0x00000000e0200000,0x00000000e061bfe0,0x00000000e1780000)
 Metaspace       used 17057K, capacity 17352K, committed 17536K, reserved 1064960K
  class space    used 2558K, capacity 2665K, committed 2688K, reserved 1048576K

Card table byte_map: [0x0000000011b40000,0x0000000011c40000] byte_map_base: 0x000000001143f000

Marking Bits: (ParMarkBitMap*) 0x000000007090d850
 Begin Bits: [0x0000000011f40000, 0x0000000012738000)
 End Bits:   [0x0000000012738000, 0x0000000012f30000)

Polling page: 0x00000000001b0000

CodeCache: size=245760Kb used=6829Kb max_used=6841Kb free=238931Kb
 bounds [0x0000000002780000, 0x0000000002e40000, 0x0000000011780000]
 total_blobs=2200 nmethods=1858 adapters=256
 compilation: enabled

Compilation events (10 events):
Event: 20.969 Thread 0x00000000539d2000 nmethod 1857 0x0000000002e23150 code [0x0000000002e232c0, 0x0000000002e23428]
Event: 20.970 Thread 0x00000000539d2000 1858   !   3       java.io.BufferedReader::read (104 bytes)
Event: 20.971 Thread 0x00000000539d2000 nmethod 1858 0x0000000002e305d0 code [0x0000000002e30780, 0x0000000002e30e38]
Event: 20.971 Thread 0x00000000539c8800 1859       4       java.io.BufferedReader::ensureOpen (18 bytes)
Event: 20.971 Thread 0x00000000539d2000 1860       3       oracle.jdbc.driver.SQLStateMapping::lessThan (45 bytes)
Event: 20.971 Thread 0x00000000539c8800 nmethod 1859 0x0000000002e2ee90 code [0x0000000002e2efc0, 0x0000000002e2f038]
Event: 20.971 Thread 0x00000000539d2000 nmethod 1860 0x0000000002e2ea10 code [0x0000000002e2eb80, 0x0000000002e2edf0]
Event: 20.972 Thread 0x00000000539c8800 1861   !   4       java.io.BufferedReader::read (104 bytes)
Event: 20.975 Thread 0x00000000539c8800 nmethod 1861 0x0000000002e32250 code [0x0000000002e323a0, 0x0000000002e32868]
Event: 20.975 Thread 0x00000000539c8800 1863       4       oracle.jdbc.driver.SQLStateMapping$Tokenizer::next (334 bytes)

GC Heap History (10 events):
Event: 0.604 GC heap before
{Heap before GC invocations=2 (full 0):
 PSYoungGen      total 9728K, used 9257K [0x00000000f5600000, 0x00000000f6080000, 0x0000000100000000)
  eden space 8704K, 99% used [0x00000000f5600000,0x00000000f5e7f298,0x00000000f5e80000)
  from space 1024K, 54% used [0x00000000f5e80000,0x00000000f5f0b270,0x00000000f5f80000)
  to   space 1024K, 0% used [0x00000000f5f80000,0x00000000f5f80000,0x00000000f6080000)
 ParOldGen       total 22016K, used 8K [0x00000000e0200000, 0x00000000e1780000, 0x00000000f5600000)
  object space 22016K, 0% used [0x00000000e0200000,0x00000000e0202000,0x00000000e1780000)
 Metaspace       used 2708K, capacity 4486K, committed 4864K, reserved 1056768K
  class space    used 303K, capacity 386K, committed 512K, reserved 1048576K
Event: 0.607 GC heap after
Heap after GC invocations=2 (full 0):
 PSYoungGen      total 9728K, used 504K [0x00000000f5600000, 0x00000000f6900000, 0x0000000100000000)
  eden space 8704K, 0% used [0x00000000f5600000,0x00000000f5600000,0x00000000f5e80000)
  from space 1024K, 49% used [0x00000000f5f80000,0x00000000f5ffe2d8,0x00000000f6080000)
  to   space 1024K, 0% used [0x00000000f5e80000,0x00000000f5e80000,0x00000000f5f80000)
 ParOldGen       total 22016K, used 8K [0x00000000e0200000, 0x00000000e1780000, 0x00000000f5600000)
  object space 22016K, 0% used [0x00000000e0200000,0x00000000e0202000,0x00000000e1780000)
 Metaspace       used 2708K, capacity 4486K, committed 4864K, reserved 1056768K
  class space    used 303K, capacity 386K, committed 512K, reserved 1048576K
}
Event: 0.616 GC heap before
{Heap before GC invocations=3 (full 0):
 PSYoungGen      total 9728K, used 9181K [0x00000000f5600000, 0x00000000f6900000, 0x0000000100000000)
  eden space 8704K, 99% used [0x00000000f5600000,0x00000000f5e79488,0x00000000f5e80000)
  from space 1024K, 49% used [0x00000000f5f80000,0x00000000f5ffe2d8,0x00000000f6080000)
  to   space 1024K, 0% used [0x00000000f5e80000,0x00000000f5e80000,0x00000000f5f80000)
 ParOldGen       total 22016K, used 8K [0x00000000e0200000, 0x00000000e1780000, 0x00000000f5600000)
  object space 22016K, 0% used [0x00000000e0200000,0x00000000e0202000,0x00000000e1780000)
 Metaspace       used 2708K, capacity 4486K, committed 4864K, reserved 1056768K
  class space    used 303K, capacity 386K, committed 512K, reserved 1048576K
Event: 0.618 GC heap after
Heap after GC invocations=3 (full 0):
 PSYoungGen      total 9728K, used 516K [0x00000000f5600000, 0x00000000f6900000, 0x0000000100000000)
  eden space 8704K, 0% used [0x00000000f5600000,0x00000000f5600000,0x00000000f5e80000)
  from space 1024K, 50% used [0x00000000f5e80000,0x00000000f5f01178,0x00000000f5f80000)
  to   space 1024K, 0% used [0x00000000f6800000,0x00000000f6800000,0x00000000f6900000)
 ParOldGen       total 22016K, used 8K [0x00000000e0200000, 0x00000000e1780000, 0x00000000f5600000)
  object space 22016K, 0% used [0x00000000e0200000,0x00000000e0202000,0x00000000e1780000)
 Metaspace       used 2708K, capacity 4486K, committed 4864K, reserved 1056768K
  class space    used 303K, capacity 386K, committed 512K, reserved 1048576K
}
Event: 1.982 GC heap before
{Heap before GC invocations=4 (full 0):
 PSYoungGen      total 9728K, used 9220K [0x00000000f5600000, 0x00000000f6900000, 0x0000000100000000)
  eden space 8704K, 100% used [0x00000000f5600000,0x00000000f5e80000,0x00000000f5e80000)
  from space 1024K, 50% used [0x00000000f5e80000,0x00000000f5f01178,0x00000000f5f80000)
  to   space 1024K, 0% used [0x00000000f6800000,0x00000000f6800000,0x00000000f6900000)
 ParOldGen       total 22016K, used 8K [0x00000000e0200000, 0x00000000e1780000, 0x00000000f5600000)
  object space 22016K, 0% used [0x00000000e0200000,0x00000000e0202000,0x00000000e1780000)
 Metaspace       used 5443K, capacity 5862K, committed 6144K, reserved 1056768K
  class space    used 659K, capacity 726K, committed 768K, reserved 1048576K
Event: 1.985 GC heap after
Heap after GC invocations=4 (full 0):
 PSYoungGen      total 18432K, used 1012K [0x00000000f5600000, 0x00000000f6900000, 0x0000000100000000)
  eden space 17408K, 0% used [0x00000000f5600000,0x00000000f5600000,0x00000000f6700000)
  from space 1024K, 98% used [0x00000000f6800000,0x00000000f68fd0a8,0x00000000f6900000)
  to   space 1024K, 0% used [0x00000000f6700000,0x00000000f6700000,0x00000000f6800000)
 ParOldGen       total 22016K, used 727K [0x00000000e0200000, 0x00000000e1780000, 0x00000000f5600000)
  object space 22016K, 3% used [0x00000000e0200000,0x00000000e02b5d58,0x00000000e1780000)
 Metaspace       used 5443K, capacity 5862K, committed 6144K, reserved 1056768K
  class space    used 659K, capacity 726K, committed 768K, reserved 1048576K
}
Event: 5.114 GC heap before
{Heap before GC invocations=5 (full 0):
 PSYoungGen      total 18432K, used 18420K [0x00000000f5600000, 0x00000000f6900000, 0x0000000100000000)
  eden space 17408K, 100% used [0x00000000f5600000,0x00000000f6700000,0x00000000f6700000)
  from space 1024K, 98% used [0x00000000f6800000,0x00000000f68fd0a8,0x00000000f6900000)
  to   space 1024K, 0% used [0x00000000f6700000,0x00000000f6700000,0x00000000f6800000)
 ParOldGen       total 22016K, used 727K [0x00000000e0200000, 0x00000000e1780000, 0x00000000f5600000)
  object space 22016K, 3% used [0x00000000e0200000,0x00000000e02b5d58,0x00000000e1780000)
 Metaspace       used 12217K, capacity 12402K, committed 12800K, reserved 1060864K
  class space    used 1590K, capacity 1670K, committed 1792K, reserved 1048576K
Event: 5.126 GC heap after
Heap after GC invocations=5 (full 0):
 PSYoungGen      total 18432K, used 996K [0x00000000f5600000, 0x00000000f8000000, 0x0000000100000000)
  eden space 17408K, 0% used [0x00000000f5600000,0x00000000f5600000,0x00000000f6700000)
  from space 1024K, 97% used [0x00000000f6700000,0x00000000f67f9098,0x00000000f6800000)
  to   space 4096K, 0% used [0x00000000f7c00000,0x00000000f7c00000,0x00000000f8000000)
 ParOldGen       total 22016K, used 4207K [0x00000000e0200000, 0x00000000e1780000, 0x00000000f5600000)
  object space 22016K, 19% used [0x00000000e0200000,0x00000000e061bfe0,0x00000000e1780000)
 Metaspace       used 12217K, capacity 12402K, committed 12800K, reserved 1060864K
  class space    used 1590K, capacity 1670K, committed 1792K, reserved 1048576K
}
Event: 6.104 GC heap before
{Heap before GC invocations=6 (full 0):
 PSYoungGen      total 18432K, used 18404K [0x00000000f5600000, 0x00000000f8000000, 0x0000000100000000)
  eden space 17408K, 100% used [0x00000000f5600000,0x00000000f6700000,0x00000000f6700000)
  from space 1024K, 97% used [0x00000000f6700000,0x00000000f67f9098,0x00000000f6800000)
  to   space 4096K, 0% used [0x00000000f7c00000,0x00000000f7c00000,0x00000000f8000000)
 ParOldGen       total 22016K, used 4207K [0x00000000e0200000, 0x00000000e1780000, 0x00000000f5600000)
  object space 22016K, 19% used [0x00000000e0200000,0x00000000e061bfe0,0x00000000e1780000)
 Metaspace       used 13490K, capacity 13706K, committed 13824K, reserved 1060864K
  class space    used 1844K, capacity 1940K, committed 2048K, reserved 1048576K
Event: 6.141 GC heap after
Heap after GC invocations=6 (full 0):
 PSYoungGen      total 38400K, used 2900K [0x00000000f5600000, 0x00000000f8100000, 0x0000000100000000)
  eden space 34304K, 0% used [0x00000000f5600000,0x00000000f5600000,0x00000000f7780000)
  from space 4096K, 70% used [0x00000000f7c00000,0x00000000f7ed50a8,0x00000000f8000000)
  to   space 4608K, 0% used [0x00000000f7780000,0x00000000f7780000,0x00000000f7c00000)
 ParOldGen       total 22016K, used 4207K [0x00000000e0200000, 0x00000000e1780000, 0x00000000f5600000)
  object space 22016K, 19% used [0x00000000e0200000,0x00000000e061bfe0,0x00000000e1780000)
 Metaspace       used 13490K, capacity 13706K, committed 13824K, reserved 1060864K
  class space    used 1844K, capacity 1940K, committed 2048K, reserved 1048576K
}

Deoptimization events (10 events):
Event: 4.930 Thread 0x000000000229e000 Uncommon trap: reason=unstable_if action=reinterpret pc=0x0000000002ac70c4 method=java.util.HashMap.putVal(ILjava/lang/Object;Ljava/lang/Object;ZZ)Ljava/lang/Object; @ 162
Event: 4.930 Thread 0x000000000229e000 Uncommon trap: reason=unstable_if action=reinterpret pc=0x0000000002a13ac0 method=java.util.HashMap.getNode(ILjava/lang/Object;)Ljava/util/HashMap$Node; @ 84
Event: 4.930 Thread 0x000000000229e000 Uncommon trap: reason=unstable_if action=reinterpret pc=0x0000000002a19e30 method=java.util.HashMap.getNode(ILjava/lang/Object;)Ljava/util/HashMap$Node; @ 84
Event: 4.971 Thread 0x000000000229e000 Uncommon trap: reason=unstable_if action=reinterpret pc=0x0000000002b1b2e8 method=com.sun.org.apache.xerces.internal.impl.XMLEntityScanner.peekChar()I @ 14
Event: 5.007 Thread 0x000000000229e000 Uncommon trap: reason=unstable_if action=reinterpret pc=0x0000000002b61f2c method=com.sun.org.apache.xerces.internal.impl.dtd.models.CMStateSet.getBit(I)Z @ 37
Event: 6.937 Thread 0x000000000229e000 Uncommon trap: reason=unstable_if action=reinterpret pc=0x0000000002b17244 method=com.sun.org.apache.xerces.internal.impl.XMLEntityScanner.scanContent(Lcom/sun/org/apache/xerces/internal/xni/XMLString;)I @ 670
Event: 18.572 Thread 0x000000000229e000 Uncommon trap: reason=class_check action=maybe_recompile pc=0x0000000002cdd5e4 method=java.util.LinkedHashMap.afterNodeInsertion(Z)V @ 15
Event: 20.140 Thread 0x000000000229e000 Uncommon trap: reason=class_check action=maybe_recompile pc=0x0000000002cdd5e4 method=java.util.LinkedHashMap.afterNodeInsertion(Z)V @ 15
Event: 20.337 Thread 0x000000000229e000 Uncommon trap: reason=class_check action=maybe_recompile pc=0x0000000002cdd5e4 method=java.util.LinkedHashMap.afterNodeInsertion(Z)V @ 15
Event: 20.969 Thread 0x000000000229e000 Uncommon trap: reason=unstable_if action=reinterpret pc=0x0000000002e238d4 method=java.io.BufferedReader.read()I @ 19

Internal exceptions (10 events):
Event: 3.558 Thread 0x000000000229e000 Exception <a 'java/lang/ArrayIndexOutOfBoundsException'> (0x00000000f5b57d68) thrown at [C:\re\workspace\8-2-build-windows-amd64-cygwin\jdk8u151\9699\hotspot\src\share\vm\runtime\sharedRuntime.cpp, line 605]
Event: 3.559 Thread 0x000000000229e000 Exception <a 'java/lang/ArrayIndexOutOfBoundsException'> (0x00000000f5b59478) thrown at [C:\re\workspace\8-2-build-windows-amd64-cygwin\jdk8u151\9699\hotspot\src\share\vm\runtime\sharedRuntime.cpp, line 605]
Event: 3.578 Thread 0x000000000229e000 Exception <a 'java/lang/ArrayIndexOutOfBoundsException': 79> (0x00000000f5ba8140) thrown at [C:\re\workspace\8-2-build-windows-amd64-cygwin\jdk8u151\9699\hotspot\src\share\vm\interpreter\interpreterRuntime.cpp, line 366]
Event: 3.578 Thread 0x000000000229e000 Exception <a 'java/lang/ArrayIndexOutOfBoundsException': 81> (0x00000000f5ba9340) thrown at [C:\re\workspace\8-2-build-windows-amd64-cygwin\jdk8u151\9699\hotspot\src\share\vm\interpreter\interpreterRuntime.cpp, line 366]
Event: 3.578 Thread 0x000000000229e000 Exception <a 'java/lang/ArrayIndexOutOfBoundsException': 78> (0x00000000f5baa2e8) thrown at [C:\re\workspace\8-2-build-windows-amd64-cygwin\jdk8u151\9699\hotspot\src\share\vm\interpreter\interpreterRuntime.cpp, line 366]
Event: 3.578 Thread 0x000000000229e000 Exception <a 'java/lang/ArrayIndexOutOfBoundsException': 83> (0x00000000f5bab2b8) thrown at [C:\re\workspace\8-2-build-windows-amd64-cygwin\jdk8u151\9699\hotspot\src\share\vm\interpreter\interpreterRuntime.cpp, line 366]
Event: 3.578 Thread 0x000000000229e000 Exception <a 'java/lang/ArrayIndexOutOfBoundsException': 38> (0x00000000f5babe40) thrown at [C:\re\workspace\8-2-build-windows-amd64-cygwin\jdk8u151\9699\hotspot\src\share\vm\interpreter\interpreterRuntime.cpp, line 366]
Event: 3.880 Thread 0x000000000229e000 Implicit null exception at 0x0000000002999f46 to 0x000000000299a2d1
Event: 4.799 Thread 0x000000000229e000 Implicit null exception at 0x00000000029862c6 to 0x0000000002986651
Event: 5.025 Thread 0x000000000229e000 Exception <a 'java/lang/ClassNotFoundException': com/sun/org/glassfish/hk2/osgiresourcelocator/ServiceLoader> (0x00000000f6563338) thrown at [C:\re\workspace\8-2-build-windows-amd64-cygwin\jdk8u151\9699\hotspot\src\share\vm\classfile\systemDictionary.cpp,

Events (10 events):
Event: 20.872 loading class java/sql/SQLRecoverableException done
Event: 20.873 loading class oracle/jdbc/driver/SQLStateMapping$Tokenizer
Event: 20.873 loading class oracle/jdbc/driver/SQLStateMapping$Tokenizer done
Event: 20.969 Thread 0x000000000229e000 Uncommon trap: trap_request=0xffffff65 fr.pc=0x0000000002e238d4
Event: 20.969 Executing VM operation: RevokeBias
Event: 20.969 Executing VM operation: RevokeBias done
Event: 20.969 Thread 0x000000000229e000 DEOPT PACKING pc=0x0000000002e238d4 sp=0x00000000023b9fd0
Event: 20.969 Thread 0x000000000229e000 DEOPT UNPACKING pc=0x00000000027c556a sp=0x00000000023b9f88 mode 2
Event: 20.974 loading class oracle/jdbc/driver/Message11
Event: 20.974 loading class oracle/jdbc/driver/Message11 done


Dynamic libraries:
0x000000013f8e0000 - 0x000000013f917000 	C:\Program Files\Java\jre1.8.0_151\bin\javaw.exe
0x0000000077960000 - 0x0000000077b09000 	C:\Windows\SYSTEM32\ntdll.dll
0x0000000077840000 - 0x000000007795f000 	C:\Windows\system32\kernel32.dll
0x000007fefd7a0000 - 0x000007fefd80b000 	C:\Windows\system32\KERNELBASE.dll
0x000007feff7a0000 - 0x000007feff87b000 	C:\Windows\system32\ADVAPI32.dll
0x000007feff000000 - 0x000007feff09f000 	C:\Windows\system32\msvcrt.dll
0x000007fefdae0000 - 0x000007fefdaff000 	C:\Windows\SYSTEM32\sechost.dll
0x000007fefe890000 - 0x000007fefe9bd000 	C:\Windows\system32\RPCRT4.dll
0x0000000077740000 - 0x000000007783a000 	C:\Windows\system32\USER32.dll
0x000007feff730000 - 0x000007feff797000 	C:\Windows\system32\GDI32.dll
0x000007fefdad0000 - 0x000007fefdade000 	C:\Windows\system32\LPK.dll
0x000007feff660000 - 0x000007feff729000 	C:\Windows\system32\USP10.dll
0x000007fefbea0000 - 0x000007fefc094000 	C:\Windows\WinSxS\amd64_microsoft.windows.common-controls_6595b64144ccf1df_6.0.7601.17514_none_fa396087175ac9ac\COMCTL32.dll
0x000007fefef80000 - 0x000007fefeff1000 	C:\Windows\system32\SHLWAPI.dll
0x000007fefef30000 - 0x000007fefef5e000 	C:\Windows\system32\IMM32.DLL
0x000007fefee20000 - 0x000007fefef29000 	C:\Windows\system32\MSCTF.dll
0x00000000712e0000 - 0x00000000713b2000 	C:\Program Files\Java\jre1.8.0_151\bin\msvcr100.dll
0x00000000700f0000 - 0x000000007098d000 	C:\Program Files\Java\jre1.8.0_151\bin\server\jvm.dll
0x000007fef4930000 - 0x000007fef4939000 	C:\Windows\system32\WSOCK32.dll
0x000007feff590000 - 0x000007feff5dd000 	C:\Windows\system32\WS2_32.dll
0x000007feff4e0000 - 0x000007feff4e8000 	C:\Windows\system32\NSI.dll
0x000007fefa8a0000 - 0x000007fefa8db000 	C:\Windows\system32\WINMM.dll
0x000007fefc8c0000 - 0x000007fefc8cc000 	C:\Windows\system32\VERSION.dll
0x0000000077b30000 - 0x0000000077b37000 	C:\Windows\system32\PSAPI.DLL
0x0000000071a00000 - 0x0000000071a0f000 	C:\Program Files\Java\jre1.8.0_151\bin\verify.dll
0x00000000719d0000 - 0x00000000719f9000 	C:\Program Files\Java\jre1.8.0_151\bin\java.dll
0x00000000719b0000 - 0x00000000719c6000 	C:\Program Files\Java\jre1.8.0_151\bin\zip.dll
0x000007fefdb00000 - 0x000007fefe888000 	C:\Windows\system32\SHELL32.dll
0x000007feff880000 - 0x000007feffa83000 	C:\Windows\system32\ole32.dll
0x000007fefd720000 - 0x000007fefd72f000 	C:\Windows\system32\profapi.dll
0x0000000071000000 - 0x000000007100d000 	C:\Program Files\Java\jre1.8.0_151\bin\management.dll
0x0000000071480000 - 0x000000007149a000 	C:\Program Files\Java\jre1.8.0_151\bin\net.dll
0x0000000180000000 - 0x0000000180024000 	C:\Program Files (x86)\Common Files\NSL\nslsp64.dll
0x000007fefceb0000 - 0x000007fefcf05000 	C:\Windows\system32\mswsock.dll
0x000007fefcea0000 - 0x000007fefcea7000 	C:\Windows\System32\wship6.dll
0x0000000071460000 - 0x0000000071471000 	C:\Program Files\Java\jre1.8.0_151\bin\nio.dll

VM Arguments:
jvm_args: -Dfile.encoding=Cp1252 
java_command: org.dummy.Solution
java_class_path (initial): G:\Github\demopro\wippro\Demo App\bin;G:\database\ojdbc6.jar;G:\Hibernate\antlr-2.7.7.jar;G:\Hibernate\classmate-1.3.0.jar;G:\Hibernate\dom4j-1.6.1.jar;G:\Hibernate\hibernate-commons-annotations-5.0.1.Final.jar;G:\Hibernate\hibernate-core-5.2.8.Final.jar;G:\Hibernate\hibernate-jpa-2.1-api-1.0.0.Final.jar;G:\Hibernate\jandex-2.0.3.Final.jar;G:\Hibernate\javassist-3.20.0-GA.jar;G:\Hibernate\jboss-logging-3.3.0.Final.jar;G:\Hibernate\jboss-transaction-api_1.2_spec-1.0.1.Final.jar;G:\database\mysql-connector-java-5.1.21.jar
Launcher Type: SUN_STANDARD

Environment Variables:
PATH=C:/Program Files/Java/jre1.8.0_151/bin/server;C:/Program Files/Java/jre1.8.0_151/bin;C:/Program Files/Java/jre1.8.0_151/lib/amd64;C:\ProgramData\Oracle\Java\javapath;;C:\ProgramData\Microsoft\Windows\Start Menu\Programs\Python36-32\;C:\Program Files\Java\jdk1.8.0_121\bin;C:\Program Files\Java\jre1.8.0_121\bin;C:\Program Files\nodejs\;C:\ProgramData\Oracle\Java\javapath;C:\ProgramData\Microsoft\Windows\Start Menu\Programs\Python36-32\;C:\Program Files\Java\jdk1.8.0_121\bin;C:\Program Files\Java\jre1.8.0_121\bin;C:\Program Files\nodejs\;C:\Program Files (x86)\EaseUS\Todo Backup\bin\x64\;C:\Users\students.ITPRO-22\AppData\Local\Programs\Git\cmd;C:\eclipse neon;
USERNAME=students
OS=Windows_NT
PROCESSOR_IDENTIFIER=Intel64 Family 6 Model 15 Stepping 11, GenuineIntel



---------------  S Y S T E M  ---------------

OS: Windows 7 , 64 bit Build 7601 (6.1.7601.18015)

CPU:total 2 (initial active 2) (2 cores per cpu, 1 threads per core) family 6 model 15 stepping 11, cmov, cx8, fxsr, mmx, sse, sse2, sse3, ssse3, tsc

Memory: 4k page, physical 2088376k(266880k free), swap 6282680k(5132k free)

vm_info: Java HotSpot(TM) 64-Bit Server VM (25.151-b12) for windows-amd64 JRE (1.8.0_151-b12), built on Sep  5 2017 19:33:46 by "java_re" with MS VC++ 10.0 (VS2010)

time: Wed Nov 22 11:13:22 2017
elapsed time: 20 seconds (0d 0h 0m 20s)

